[ 2017-01-04T15:28:57+08:00 ] ::1 /nexTthink1/
INFO: [ app_init ] --START--
INFO: Run Behavior\BuildLiteBehavior [ RunTime:0.000000s ]
INFO: Run Common\Behavior\InitHookBehavior [ RunTime:0.018001s ]
INFO: [ app_init ] --END-- [ RunTime:0.018001s ]

[ 2017-01-04T15:28:57+08:00 ] ::1 /nexTthink1/Public/Admin/css/default/default.css
INFO: [ app_init ] --START--
INFO: Run Behavior\BuildLiteBehavior [ RunTime:0.000000s ]
INFO: Run Common\Behavior\InitHookBehavior [ RunTime:0.003000s ]
INFO: [ app_init ] --END-- [ RunTime:0.003000s ]

[ 2017-01-04T15:28:57+08:00 ] ::1 /nexTthink1/index.php/Main/index
INFO: [ app_init ] --START--
INFO: Run Behavior\BuildLiteBehavior [ RunTime:0.000000s ]
INFO: Run Common\Behavior\InitHookBehavior [ RunTime:0.002000s ]
INFO: [ app_init ] --END-- [ RunTime:0.002000s ]

[ 2017-01-04T15:28:57+08:00 ] ::1 /nexTthink1/Public/Admin/css/admin.css
INFO: [ app_init ] --START--
INFO: Run Behavior\BuildLiteBehavior [ RunTime:0.000000s ]
INFO: Run Common\Behavior\InitHookBehavior [ RunTime:0.003001s ]
INFO: [ app_init ] --END-- [ RunTime:0.003001s ]

[ 2017-01-04T15:31:16+08:00 ] ::1 /nexTthink1/index.php/Addons/index/menuid/198
INFO: [ app_init ] --START--
INFO: Run Behavior\BuildLiteBehavior [ RunTime:0.000000s ]
INFO: Run Common\Behavior\InitHookBehavior [ RunTime:0.002000s ]
INFO: [ app_init ] --END-- [ RunTime:0.002000s ]

[ 2017-01-04T16:12:18+08:00 ] ::1 /nexTthink1/
INFO: [ app_init ] --START--
INFO: Run Behavior\BuildLiteBehavior [ RunTime:0.000000s ]
INFO: Run Common\Behavior\InitHookBehavior [ RunTime:0.002000s ]
INFO: [ app_init ] --END-- [ RunTime:0.003000s ]

[ 2017-01-04T16:15:45+08:00 ] ::1 /nexTthink1/
INFO: [ app_init ] --START--
INFO: Run Behavior\BuildLiteBehavior [ RunTime:0.000000s ]
INFO: Run Common\Behavior\InitHookBehavior [ RunTime:0.002000s ]
INFO: [ app_init ] --END-- [ RunTime:0.002000s ]
ERR: 1146:Table 'thinkyou.think_plugins' doesn't exist
 [ SQL语句 ] : SHOW COLUMNS FROM `think_plugins`

[ 2017-01-04T16:15:45+08:00 ] ::1 /nexTthink1/Public/Admin/css/default/default.css
INFO: [ app_init ] --START--
INFO: Run Behavior\BuildLiteBehavior [ RunTime:0.000000s ]
INFO: Run Common\Behavior\InitHookBehavior [ RunTime:0.002000s ]
INFO: [ app_init ] --END-- [ RunTime:0.002000s ]

[ 2017-01-04T16:17:05+08:00 ] ::1 /nexTthink1/
INFO: [ app_init ] --START--
INFO: Run Behavior\BuildLiteBehavior [ RunTime:0.000000s ]
INFO: Run Common\Behavior\InitHookBehavior [ RunTime:0.002000s ]
INFO: [ app_init ] --END-- [ RunTime:0.003000s ]

[ 2017-01-04T16:17:05+08:00 ] ::1 /nexTthink1/Public/Admin/css/default/default.css
INFO: [ app_init ] --START--
INFO: Run Behavior\BuildLiteBehavior [ RunTime:0.000000s ]
INFO: Run Common\Behavior\InitHookBehavior [ RunTime:0.003000s ]
INFO: [ app_init ] --END-- [ RunTime:0.003000s ]

[ 2017-01-04T16:17:28+08:00 ] ::1 /nexTthink1/
INFO: [ app_init ] --START--
INFO: Run Behavior\BuildLiteBehavior [ RunTime:0.000000s ]
INFO: Run Common\Behavior\InitHookBehavior [ RunTime:0.003000s ]
INFO: [ app_init ] --END-- [ RunTime:0.003000s ]

[ 2017-01-04T16:17:28+08:00 ] ::1 /nexTthink1/Public/Admin/css/default/default.css
INFO: [ app_init ] --START--
INFO: Run Behavior\BuildLiteBehavior [ RunTime:0.000000s ]
INFO: Run Common\Behavior\InitHookBehavior [ RunTime:0.002001s ]
INFO: [ app_init ] --END-- [ RunTime:0.003001s ]

[ 2017-01-04T16:17:29+08:00 ] ::1 /nexTthink1/
INFO: [ app_init ] --START--
INFO: Run Behavior\BuildLiteBehavior [ RunTime:0.000000s ]
INFO: Run Common\Behavior\InitHookBehavior [ RunTime:0.002001s ]
INFO: [ app_init ] --END-- [ RunTime:0.002001s ]

[ 2017-01-04T16:17:29+08:00 ] ::1 /nexTthink1/Public/Admin/css/default/default.css
INFO: [ app_init ] --START--
INFO: Run Behavior\BuildLiteBehavior [ RunTime:0.000000s ]
INFO: Run Common\Behavior\InitHookBehavior [ RunTime:0.001000s ]
INFO: [ app_init ] --END-- [ RunTime:0.002000s ]

[ 2017-01-04T16:17:46+08:00 ] ::1 /nexTthink1/
INFO: [ app_init ] --START--
INFO: Run Behavior\BuildLiteBehavior [ RunTime:0.000000s ]
INFO: Run Common\Behavior\InitHookBehavior [ RunTime:0.002000s ]
INFO: [ app_init ] --END-- [ RunTime:0.002000s ]

[ 2017-01-04T16:17:46+08:00 ] ::1 /nexTthink1/Public/Admin/css/default/default.css
INFO: [ app_init ] --START--
INFO: Run Behavior\BuildLiteBehavior [ RunTime:0.000000s ]
INFO: Run Common\Behavior\InitHookBehavior [ RunTime:0.002000s ]
INFO: [ app_init ] --END-- [ RunTime:0.003000s ]

[ 2017-01-04T16:17:56+08:00 ] ::1 /nexTthink1/
INFO: [ app_init ] --START--
INFO: Run Behavior\BuildLiteBehavior [ RunTime:0.000000s ]
INFO: Run Common\Behavior\InitHookBehavior [ RunTime:0.002000s ]
INFO: [ app_init ] --END-- [ RunTime:0.003000s ]

[ 2017-01-04T16:17:56+08:00 ] ::1 /nexTthink1/Public/Admin/css/default/default.css
INFO: [ app_init ] --START--
INFO: Run Behavior\BuildLiteBehavior [ RunTime:0.000000s ]
INFO: Run Common\Behavior\InitHookBehavior [ RunTime:0.002000s ]
INFO: [ app_init ] --END-- [ RunTime:0.002000s ]

[ 2017-01-04T16:29:04+08:00 ] ::1 /nexTthink1/
INFO: [ app_init ] --START--
INFO: Run Behavior\BuildLiteBehavior [ RunTime:0.000000s ]
INFO: Run Common\Behavior\InitHookBehavior [ RunTime:0.001000s ]
INFO: [ app_init ] --END-- [ RunTime:0.002000s ]
ERR: 1146:Table 'thinkyou.think_plugins' doesn't exist
 [ SQL语句 ] : SHOW COLUMNS FROM `think_plugins`

[ 2017-01-04T16:29:04+08:00 ] ::1 /nexTthink1/Public/Admin/css/default/default.css
INFO: [ app_init ] --START--
INFO: Run Behavior\BuildLiteBehavior [ RunTime:0.000000s ]
INFO: Run Common\Behavior\InitHookBehavior [ RunTime:0.002000s ]
INFO: [ app_init ] --END-- [ RunTime:0.002000s ]

[ 2017-01-04T16:29:58+08:00 ] ::1 /nexTthink1/
INFO: [ app_init ] --START--
INFO: Run Behavior\BuildLiteBehavior [ RunTime:0.000000s ]
INFO: Run Common\Behavior\InitHookBehavior [ RunTime:0.007000s ]
INFO: [ app_init ] --END-- [ RunTime:0.008000s ]

[ 2017-01-04T16:29:58+08:00 ] ::1 /nexTthink1/Public/Admin/css/default/default.css
INFO: [ app_init ] --START--
INFO: Run Behavior\BuildLiteBehavior [ RunTime:0.000000s ]
INFO: Run Common\Behavior\InitHookBehavior [ RunTime:0.002000s ]
INFO: [ app_init ] --END-- [ RunTime:0.002000s ]

[ 2017-01-04T16:30:08+08:00 ] ::1 /nexTthink1/
INFO: [ app_init ] --START--
INFO: Run Behavior\BuildLiteBehavior [ RunTime:0.000000s ]
INFO: Run Common\Behavior\InitHookBehavior [ RunTime:0.002000s ]
INFO: [ app_init ] --END-- [ RunTime:0.003000s ]

[ 2017-01-04T16:30:08+08:00 ] ::1 /nexTthink1/Public/Admin/css/default/default.css
INFO: [ app_init ] --START--
INFO: Run Behavior\BuildLiteBehavior [ RunTime:0.000000s ]
INFO: Run Common\Behavior\InitHookBehavior [ RunTime:0.002000s ]
INFO: [ app_init ] --END-- [ RunTime:0.002000s ]

[ 2017-01-04T16:31:02+08:00 ] ::1 /nexTthink1/
INFO: [ app_init ] --START--
INFO: Run Behavior\BuildLiteBehavior [ RunTime:0.000000s ]
INFO: Run Common\Behavior\InitHookBehavior [ RunTime:0.002000s ]
INFO: [ app_init ] --END-- [ RunTime:0.002000s ]

[ 2017-01-04T16:31:02+08:00 ] ::1 /nexTthink1/Public/Admin/css/default/default.css
INFO: [ app_init ] --START--
INFO: Run Behavior\BuildLiteBehavior [ RunTime:0.000000s ]
INFO: Run Common\Behavior\InitHookBehavior [ RunTime:0.003001s ]
INFO: [ app_init ] --END-- [ RunTime:0.003001s ]

[ 2017-01-04T16:31:19+08:00 ] ::1 /nexTthink1/
INFO: [ app_init ] --START--
INFO: Run Behavior\BuildLiteBehavior [ RunTime:0.000000s ]
INFO: Run Common\Behavior\InitHookBehavior [ RunTime:0.001000s ]
INFO: [ app_init ] --END-- [ RunTime:0.002000s ]

[ 2017-01-04T16:31:19+08:00 ] ::1 /nexTthink1/Public/Admin/css/default/default.css
INFO: [ app_init ] --START--
INFO: Run Behavior\BuildLiteBehavior [ RunTime:0.000000s ]
INFO: Run Common\Behavior\InitHookBehavior [ RunTime:0.002001s ]
INFO: [ app_init ] --END-- [ RunTime:0.003001s ]

[ 2017-01-04T16:32:06+08:00 ] ::1 /nexTthink1/
INFO: [ app_init ] --START--
INFO: Run Behavior\BuildLiteBehavior [ RunTime:0.000000s ]
INFO: Run Common\Behavior\InitHookBehavior [ RunTime:0.002000s ]
INFO: [ app_init ] --END-- [ RunTime:0.002000s ]

[ 2017-01-04T16:32:06+08:00 ] ::1 /nexTthink1/Public/Admin/css/default/default.css
INFO: [ app_init ] --START--
INFO: Run Behavior\BuildLiteBehavior [ RunTime:0.000000s ]
INFO: Run Common\Behavior\InitHookBehavior [ RunTime:0.002001s ]
INFO: [ app_init ] --END-- [ RunTime:0.002001s ]

[ 2017-01-04T16:34:12+08:00 ] ::1 /nexTthink1/
INFO: [ app_init ] --START--
INFO: Run Behavior\BuildLiteBehavior [ RunTime:0.000000s ]
INFO: Run Common\Behavior\InitHookBehavior [ RunTime:0.002000s ]
INFO: [ app_init ] --END-- [ RunTime:0.002000s ]

[ 2017-01-04T16:34:12+08:00 ] ::1 /nexTthink1/Public/Admin/css/default/default.css
INFO: [ app_init ] --START--
INFO: Run Behavior\BuildLiteBehavior [ RunTime:0.000000s ]
INFO: Run Common\Behavior\InitHookBehavior [ RunTime:0.002000s ]
INFO: [ app_init ] --END-- [ RunTime:0.002000s ]

[ 2017-01-04T16:35:07+08:00 ] ::1 /nexTthink1/
INFO: [ app_init ] --START--
INFO: Run Behavior\BuildLiteBehavior [ RunTime:0.000000s ]
INFO: Run Common\Behavior\InitHookBehavior [ RunTime:0.002001s ]
INFO: [ app_init ] --END-- [ RunTime:0.003001s ]

[ 2017-01-04T16:35:07+08:00 ] ::1 /nexTthink1/Public/Admin/css/default/default.css
INFO: [ app_init ] --START--
INFO: Run Behavior\BuildLiteBehavior [ RunTime:0.000000s ]
INFO: Run Common\Behavior\InitHookBehavior [ RunTime:0.001000s ]
INFO: [ app_init ] --END-- [ RunTime:0.002000s ]

[ 2017-01-04T16:35:30+08:00 ] ::1 /nexTthink1/
INFO: [ app_init ] --START--
INFO: Run Behavior\BuildLiteBehavior [ RunTime:0.000000s ]
INFO: Run Common\Behavior\InitHookBehavior [ RunTime:0.002000s ]
INFO: [ app_init ] --END-- [ RunTime:0.003000s ]

[ 2017-01-04T16:37:09+08:00 ] ::1 /nexTthink1/
INFO: [ app_init ] --START--
INFO: Run Behavior\BuildLiteBehavior [ RunTime:0.000000s ]
INFO: Run Common\Behavior\InitHookBehavior [ RunTime:0.002000s ]
INFO: [ app_init ] --END-- [ RunTime:0.002000s ]

[ 2017-01-04T16:37:09+08:00 ] ::1 /nexTthink1/Public/Admin/css/default/default.css
INFO: [ app_init ] --START--
INFO: Run Behavior\BuildLiteBehavior [ RunTime:0.000000s ]
INFO: Run Common\Behavior\InitHookBehavior [ RunTime:0.002000s ]
INFO: [ app_init ] --END-- [ RunTime:0.002000s ]

[ 2017-01-04T16:39:05+08:00 ] ::1 /nexTthink1/
INFO: [ app_init ] --START--
INFO: Run Behavior\BuildLiteBehavior [ RunTime:0.000000s ]
INFO: Run Common\Behavior\InitHookBehavior [ RunTime:0.002000s ]
INFO: [ app_init ] --END-- [ RunTime:0.003001s ]

[ 2017-01-04T16:39:05+08:00 ] ::1 /nexTthink1/Public/Admin/css/default/default.css
INFO: [ app_init ] --START--
INFO: Run Behavior\BuildLiteBehavior [ RunTime:0.000000s ]
INFO: Run Common\Behavior\InitHookBehavior [ RunTime:0.002000s ]
INFO: [ app_init ] --END-- [ RunTime:0.002000s ]

[ 2017-01-04T16:40:03+08:00 ] ::1 /nexTthink1/
INFO: [ app_init ] --START--
INFO: Run Behavior\BuildLiteBehavior [ RunTime:0.000000s ]
INFO: Run Common\Behavior\InitHookBehavior [ RunTime:0.002000s ]
INFO: [ app_init ] --END-- [ RunTime:0.003000s ]

[ 2017-01-04T16:40:03+08:00 ] ::1 /nexTthink1/Public/Admin/css/default/default.css
INFO: [ app_init ] --START--
INFO: Run Behavior\BuildLiteBehavior [ RunTime:0.000000s ]
INFO: Run Common\Behavior\InitHookBehavior [ RunTime:0.001000s ]
INFO: [ app_init ] --END-- [ RunTime:0.002000s ]

[ 2017-01-04T16:40:11+08:00 ] ::1 /nexTthink1/
INFO: [ app_init ] --START--
INFO: Run Behavior\BuildLiteBehavior [ RunTime:0.000000s ]
INFO: Run Common\Behavior\InitHookBehavior [ RunTime:0.002001s ]
INFO: [ app_init ] --END-- [ RunTime:0.002001s ]

[ 2017-01-04T16:40:11+08:00 ] ::1 /nexTthink1/Public/Admin/css/default/default.css
INFO: [ app_init ] --START--
INFO: Run Behavior\BuildLiteBehavior [ RunTime:0.000000s ]
INFO: Run Common\Behavior\InitHookBehavior [ RunTime:0.002000s ]
INFO: [ app_init ] --END-- [ RunTime:0.002000s ]

[ 2017-01-04T16:40:22+08:00 ] ::1 /nexTthink1/
INFO: [ app_init ] --START--
INFO: Run Behavior\BuildLiteBehavior [ RunTime:0.000000s ]
INFO: Run Common\Behavior\InitHookBehavior [ RunTime:0.002000s ]
INFO: [ app_init ] --END-- [ RunTime:0.002000s ]

[ 2017-01-04T16:40:22+08:00 ] ::1 /nexTthink1/Public/Admin/css/default/default.css
INFO: [ app_init ] --START--
INFO: Run Behavior\BuildLiteBehavior [ RunTime:0.000000s ]
INFO: Run Common\Behavior\InitHookBehavior [ RunTime:0.001000s ]
INFO: [ app_init ] --END-- [ RunTime:0.002000s ]

[ 2017-01-04T16:41:24+08:00 ] ::1 /nexTthink1/
INFO: [ app_init ] --START--
INFO: Run Behavior\BuildLiteBehavior [ RunTime:0.000000s ]
INFO: Run Common\Behavior\InitHookBehavior [ RunTime:0.001000s ]
INFO: [ app_init ] --END-- [ RunTime:0.002000s ]

[ 2017-01-04T16:41:24+08:00 ] ::1 /nexTthink1/Public/Admin/css/default/default.css
INFO: [ app_init ] --START--
INFO: Run Behavior\BuildLiteBehavior [ RunTime:0.000000s ]
INFO: Run Common\Behavior\InitHookBehavior [ RunTime:0.002000s ]
INFO: [ app_init ] --END-- [ RunTime:0.002000s ]

[ 2017-01-04T16:41:37+08:00 ] ::1 /nexTthink1/
INFO: [ app_init ] --START--
INFO: Run Behavior\BuildLiteBehavior [ RunTime:0.000000s ]
INFO: Run Common\Behavior\InitHookBehavior [ RunTime:0.006001s ]
INFO: [ app_init ] --END-- [ RunTime:0.007001s ]

[ 2017-01-04T16:41:37+08:00 ] ::1 /nexTthink1/Public/Admin/css/default/default.css
INFO: [ app_init ] --START--
INFO: Run Behavior\BuildLiteBehavior [ RunTime:0.000000s ]
INFO: Run Common\Behavior\InitHookBehavior [ RunTime:0.002001s ]
INFO: [ app_init ] --END-- [ RunTime:0.002001s ]

[ 2017-01-04T16:46:10+08:00 ] ::1 /nexTthink1/
INFO: [ app_init ] --START--
INFO: Run Behavior\BuildLiteBehavior [ RunTime:0.000000s ]
INFO: Run Common\Behavior\InitHookBehavior [ RunTime:0.002001s ]
INFO: [ app_init ] --END-- [ RunTime:0.002001s ]

[ 2017-01-04T16:46:10+08:00 ] ::1 /nexTthink1/Public/Admin/css/default/default.css
INFO: [ app_init ] --START--
INFO: Run Behavior\BuildLiteBehavior [ RunTime:0.000000s ]
INFO: Run Common\Behavior\InitHookBehavior [ RunTime:0.002000s ]
INFO: [ app_init ] --END-- [ RunTime:0.002000s ]

[ 2017-01-04T16:46:10+08:00 ] ::1 /nexTthink1/index.php/Main/index
INFO: [ app_init ] --START--
INFO: Run Behavior\BuildLiteBehavior [ RunTime:0.000000s ]
INFO: Run Common\Behavior\InitHookBehavior [ RunTime:0.001000s ]
INFO: [ app_init ] --END-- [ RunTime:0.002001s ]

[ 2017-01-04T16:46:10+08:00 ] ::1 /nexTthink1/Public/Admin/css/admin.css
INFO: [ app_init ] --START--
INFO: Run Behavior\BuildLiteBehavior [ RunTime:0.000000s ]
INFO: Run Common\Behavior\InitHookBehavior [ RunTime:0.003000s ]
INFO: [ app_init ] --END-- [ RunTime:0.004000s ]

[ 2017-01-04T16:46:26+08:00 ] ::1 /nexTthink1/index.php/api/plugin/execute/_plugin/Demo/_controller/Index/_action/index
INFO: [ app_init ] --START--
INFO: Run Behavior\BuildLiteBehavior [ RunTime:0.000000s ]
INFO: Run Common\Behavior\InitHookBehavior [ RunTime:0.002000s ]
INFO: [ app_init ] --END-- [ RunTime:0.003000s ]
ERR: 无法加载控制器:Api

[ 2017-01-04T16:46:36+08:00 ] ::1 /nexTthink1/index.php/api/plugin/execute/_plugin/Demo/_controller/AdminIndex/_action/index
INFO: [ app_init ] --START--
INFO: Run Behavior\BuildLiteBehavior [ RunTime:0.000000s ]
INFO: Run Common\Behavior\InitHookBehavior [ RunTime:0.005000s ]
INFO: [ app_init ] --END-- [ RunTime:0.006000s ]
ERR: 无法加载控制器:Api

[ 2017-01-04T16:47:13+08:00 ] ::1 /nexTthink1/Public/Admin/css/admin.css
INFO: [ app_init ] --START--
INFO: Run Behavior\BuildLiteBehavior [ RunTime:0.000000s ]
INFO: Run Common\Behavior\InitHookBehavior [ RunTime:0.002000s ]
INFO: [ app_init ] --END-- [ RunTime:0.002000s ]

[ 2017-01-04T16:47:13+08:00 ] ::1 /nexTthink1/Public/Admin/css/default/default.css
INFO: [ app_init ] --START--
INFO: Run Behavior\BuildLiteBehavior [ RunTime:0.000000s ]
INFO: Run Common\Behavior\InitHookBehavior [ RunTime:0.003000s ]
INFO: [ app_init ] --END-- [ RunTime:0.004000s ]

[ 2017-01-04T17:08:45+08:00 ] ::1 /nexTthink1/
INFO: [ app_init ] --START--
INFO: Run Behavior\BuildLiteBehavior [ RunTime:0.000000s ]
INFO: Run Common\Behavior\InitHookBehavior [ RunTime:0.002000s ]
INFO: [ app_init ] --END-- [ RunTime:0.003000s ]

[ 2017-01-04T17:09:35+08:00 ] ::1 /nexTthink1/
INFO: [ app_init ] --START--
INFO: Run Behavior\BuildLiteBehavior [ RunTime:0.000000s ]
INFO: Run Common\Behavior\InitHookBehavior [ RunTime:0.002000s ]
INFO: [ app_init ] --END-- [ RunTime:0.003000s ]

[ 2017-01-04T17:09:51+08:00 ] ::1 /nexTthink1/
INFO: [ app_init ] --START--
INFO: Run Behavior\BuildLiteBehavior [ RunTime:0.000000s ]
INFO: Run Common\Behavior\InitHookBehavior [ RunTime:0.002000s ]
INFO: [ app_init ] --END-- [ RunTime:0.002000s ]

[ 2017-01-04T17:09:51+08:00 ] ::1 /nexTthink1/Public/Admin/css/default/default.css
INFO: [ app_init ] --START--
INFO: Run Behavior\BuildLiteBehavior [ RunTime:0.000000s ]
INFO: Run Common\Behavior\InitHookBehavior [ RunTime:0.002000s ]
INFO: [ app_init ] --END-- [ RunTime:0.002000s ]

[ 2017-01-04T17:09:51+08:00 ] ::1 /nexTthink1/index.php/Main/index
INFO: [ app_init ] --START--
INFO: Run Behavior\BuildLiteBehavior [ RunTime:0.000000s ]
INFO: Run Common\Behavior\InitHookBehavior [ RunTime:0.001000s ]
INFO: [ app_init ] --END-- [ RunTime:0.002000s ]

[ 2017-01-04T17:09:51+08:00 ] ::1 /nexTthink1/Public/Admin/css/admin.css
INFO: [ app_init ] --START--
INFO: Run Behavior\BuildLiteBehavior [ RunTime:0.000000s ]
INFO: Run Common\Behavior\InitHookBehavior [ RunTime:0.001000s ]
INFO: [ app_init ] --END-- [ RunTime:0.002000s ]

[ 2017-01-04T17:09:53+08:00 ] ::1 /nexTthink1/index.php/Config/index/menuid/168
INFO: [ app_init ] --START--
INFO: Run Behavior\BuildLiteBehavior [ RunTime:0.000000s ]
INFO: Run Common\Behavior\InitHookBehavior [ RunTime:0.002000s ]
INFO: [ app_init ] --END-- [ RunTime:0.002000s ]

[ 2017-01-04T17:09:53+08:00 ] ::1 /nexTthink1/Public/Admin/css/admin.css
INFO: [ app_init ] --START--
INFO: Run Behavior\BuildLiteBehavior [ RunTime:0.000000s ]
INFO: Run Common\Behavior\InitHookBehavior [ RunTime:0.002000s ]
INFO: [ app_init ] --END-- [ RunTime:0.002000s ]

[ 2017-01-04T17:09:54+08:00 ] ::1 /nexTthink1/index.php/Config/group/menuid/174
INFO: [ app_init ] --START--
INFO: Run Behavior\BuildLiteBehavior [ RunTime:0.000000s ]
INFO: Run Common\Behavior\InitHookBehavior [ RunTime:0.002000s ]
INFO: [ app_init ] --END-- [ RunTime:0.003000s ]

[ 2017-01-04T17:09:54+08:00 ] ::1 /nexTthink1/Public/Admin/css/admin.css
INFO: [ app_init ] --START--
INFO: Run Behavior\BuildLiteBehavior [ RunTime:0.000000s ]
INFO: Run Common\Behavior\InitHookBehavior [ RunTime:0.002001s ]
INFO: [ app_init ] --END-- [ RunTime:0.002001s ]

[ 2017-01-04T17:09:57+08:00 ] ::1 /nexTthink1/index.php/Rbac/index/menuid/181
INFO: [ app_init ] --START--
INFO: Run Behavior\BuildLiteBehavior [ RunTime:0.000000s ]
INFO: Run Common\Behavior\InitHookBehavior [ RunTime:0.002000s ]
INFO: [ app_init ] --END-- [ RunTime:0.002000s ]

[ 2017-01-04T17:09:58+08:00 ] ::1 /nexTthink1/Public/Admin/css/admin.css
INFO: [ app_init ] --START--
INFO: Run Behavior\BuildLiteBehavior [ RunTime:0.000000s ]
INFO: Run Common\Behavior\InitHookBehavior [ RunTime:0.002000s ]
INFO: [ app_init ] --END-- [ RunTime:0.002000s ]

[ 2017-01-04T17:09:58+08:00 ] ::1 /nexTthink1/Public/js/common.js
INFO: [ app_init ] --START--
INFO: Run Behavior\BuildLiteBehavior [ RunTime:0.000000s ]
INFO: Run Common\Behavior\InitHookBehavior [ RunTime:0.002001s ]
INFO: [ app_init ] --END-- [ RunTime:0.005001s ]

[ 2017-01-04T17:09:59+08:00 ] ::1 /nexTthink1/index.php/User/index/menuid/189
INFO: [ app_init ] --START--
INFO: Run Behavior\BuildLiteBehavior [ RunTime:0.000000s ]
INFO: Run Common\Behavior\InitHookBehavior [ RunTime:0.001000s ]
INFO: [ app_init ] --END-- [ RunTime:0.002000s ]

[ 2017-01-04T17:09:59+08:00 ] ::1 /nexTthink1/Public/Admin/css/admin.css
INFO: [ app_init ] --START--
INFO: Run Behavior\BuildLiteBehavior [ RunTime:0.000000s ]
INFO: Run Common\Behavior\InitHookBehavior [ RunTime:0.002000s ]
INFO: [ app_init ] --END-- [ RunTime:0.003000s ]

[ 2017-01-04T17:10:01+08:00 ] ::1 /nexTthink1/index.php/Menu/index/menuid/163
INFO: [ app_init ] --START--
INFO: Run Behavior\BuildLiteBehavior [ RunTime:0.000000s ]
INFO: Run Common\Behavior\InitHookBehavior [ RunTime:0.002000s ]
INFO: [ app_init ] --END-- [ RunTime:0.002000s ]

[ 2017-01-04T17:10:01+08:00 ] ::1 /nexTthink1/Public/Admin/css/admin.css
INFO: [ app_init ] --START--
INFO: Run Behavior\BuildLiteBehavior [ RunTime:0.000000s ]
INFO: Run Common\Behavior\InitHookBehavior [ RunTime:0.002000s ]
INFO: [ app_init ] --END-- [ RunTime:0.002000s ]

[ 2017-01-04T17:11:18+08:00 ] ::1 /nexTthink1/
INFO: [ app_init ] --START--
INFO: Run Behavior\BuildLiteBehavior [ RunTime:0.000000s ]
INFO: Run Common\Behavior\InitHookBehavior [ RunTime:0.002000s ]
INFO: [ app_init ] --END-- [ RunTime:0.003000s ]

[ 2017-01-04T17:11:18+08:00 ] ::1 /nexTthink1/Public/Admin/css/default/default.css
INFO: [ app_init ] --START--
INFO: Run Behavior\BuildLiteBehavior [ RunTime:0.000000s ]
INFO: Run Common\Behavior\InitHookBehavior [ RunTime:0.002000s ]
INFO: [ app_init ] --END-- [ RunTime:0.002000s ]

[ 2017-01-04T17:11:18+08:00 ] ::1 /nexTthink1/index.php/Main/index
INFO: [ app_init ] --START--
INFO: Run Behavior\BuildLiteBehavior [ RunTime:0.000000s ]
INFO: Run Common\Behavior\InitHookBehavior [ RunTime:0.002000s ]
INFO: [ app_init ] --END-- [ RunTime:0.002000s ]

[ 2017-01-04T17:11:18+08:00 ] ::1 /nexTthink1/Public/Admin/css/admin.css
INFO: [ app_init ] --START--
INFO: Run Behavior\BuildLiteBehavior [ RunTime:0.000000s ]
INFO: Run Common\Behavior\InitHookBehavior [ RunTime:0.001000s ]
INFO: [ app_init ] --END-- [ RunTime:0.002000s ]

[ 2017-01-04T17:11:49+08:00 ] ::1 /nexTthink1/index.php/Addons/index/menuid/198
INFO: [ app_init ] --START--
INFO: Run Behavior\BuildLiteBehavior [ RunTime:0.000000s ]
INFO: Run Common\Behavior\InitHookBehavior [ RunTime:0.002000s ]
INFO: [ app_init ] --END-- [ RunTime:0.003000s ]

[ 2017-01-04T17:12:41+08:00 ] ::1 /nexTthink1/index.php/Addons/index/menuid/198
INFO: [ app_init ] --START--
INFO: Run Behavior\BuildLiteBehavior [ RunTime:0.000000s ]
INFO: Run Common\Behavior\InitHookBehavior [ RunTime:0.002000s ]
INFO: [ app_init ] --END-- [ RunTime:0.002000s ]

[ 2017-01-04T17:12:50+08:00 ] ::1 /nexTthink1/index.php/Menu/index/menuid/163
INFO: [ app_init ] --START--
INFO: Run Behavior\BuildLiteBehavior [ RunTime:0.000000s ]
INFO: Run Common\Behavior\InitHookBehavior [ RunTime:0.002000s ]
INFO: [ app_init ] --END-- [ RunTime:0.002000s ]

[ 2017-01-04T17:12:50+08:00 ] ::1 /nexTthink1/Public/Admin/css/admin.css
INFO: [ app_init ] --START--
INFO: Run Behavior\BuildLiteBehavior [ RunTime:0.000000s ]
INFO: Run Common\Behavior\InitHookBehavior [ RunTime:0.002000s ]
INFO: [ app_init ] --END-- [ RunTime:0.002000s ]

[ 2017-01-04T17:12:53+08:00 ] ::1 /nexTthink1/index.php/Rbac/index/menuid/181
INFO: [ app_init ] --START--
INFO: Run Behavior\BuildLiteBehavior [ RunTime:0.000000s ]
INFO: Run Common\Behavior\InitHookBehavior [ RunTime:0.002000s ]
INFO: [ app_init ] --END-- [ RunTime:0.003000s ]

[ 2017-01-04T17:12:53+08:00 ] ::1 /nexTthink1/Public/Admin/css/admin.css
INFO: [ app_init ] --START--
INFO: Run Behavior\BuildLiteBehavior [ RunTime:0.000000s ]
INFO: Run Common\Behavior\InitHookBehavior [ RunTime:0.002000s ]
INFO: [ app_init ] --END-- [ RunTime:0.002000s ]

[ 2017-01-04T17:12:53+08:00 ] ::1 /nexTthink1/Public/js/common.js
INFO: [ app_init ] --START--
INFO: Run Behavior\BuildLiteBehavior [ RunTime:0.000000s ]
INFO: Run Common\Behavior\InitHookBehavior [ RunTime:0.002000s ]
INFO: [ app_init ] --END-- [ RunTime:0.003000s ]

[ 2017-01-04T17:12:55+08:00 ] ::1 /nexTthink1/index.php/User/index/menuid/189
INFO: [ app_init ] --START--
INFO: Run Behavior\BuildLiteBehavior [ RunTime:0.000000s ]
INFO: Run Common\Behavior\InitHookBehavior [ RunTime:0.002000s ]
INFO: [ app_init ] --END-- [ RunTime:0.002000s ]

[ 2017-01-04T17:12:55+08:00 ] ::1 /nexTthink1/Public/Admin/css/admin.css
INFO: [ app_init ] --START--
INFO: Run Behavior\BuildLiteBehavior [ RunTime:0.000000s ]
INFO: Run Common\Behavior\InitHookBehavior [ RunTime:0.002000s ]
INFO: [ app_init ] --END-- [ RunTime:0.002000s ]

